<?xml version="1.0" encoding="UTF-8"?>
<!-- Generated by org.testng.reporters.JUnitReportReporter -->
<testsuite hostname="DESKTOP-CBFC25M" failures="0" tests="1" name="mysele.testcases.TestFacebookPage" time="12.544" errors="0" timestamp="2022-02-03T10:15:41 IST" skipped="0">
  <testcase classname="mysele.testcases.TestFacebookPage" name="testfacebookhomepage" time="12.544"/>
  <system-out/>
</testsuite> <!-- mysele.testcases.TestFacebookPage -->
